2025-11-08 09:05:50.514 +02:00 [INF] Now listening on: http://localhost:5031
2025-11-08 09:05:50.610 +02:00 [INF] Application started. Press Ctrl+C to shut down.
2025-11-08 09:05:50.617 +02:00 [INF] Hosting environment: Development
2025-11-08 09:05:50.618 +02:00 [INF] Content root path: C:\Users\YOUNG'SSTAR\Desktop\Backend_IP\backend
2025-11-08 09:05:51.050 +02:00 [INF] Background polling executed successfully at "2025-11-08T07:05:51.0495115Z"
2025-11-08 09:05:51.288 +02:00 [INF] Cleaned up 0 old message logs older than 2025-08-10
2025-11-08 09:05:51.292 +02:00 [INF] Database maintenance completed
2025-11-08 09:06:51.143 +02:00 [INF] Background polling executed successfully at "2025-11-08T07:06:51.1432668Z"
2025-11-08 09:07:51.158 +02:00 [INF] Background polling executed successfully at "2025-11-08T07:07:51.1586255Z"
2025-11-08 09:08:51.172 +02:00 [INF] Background polling executed successfully at "2025-11-08T07:08:51.1723877Z"
2025-11-08 09:09:51.197 +02:00 [INF] Background polling executed successfully at "2025-11-08T07:09:51.1970658Z"
2025-11-08 11:29:05.149 +02:00 [INF] Background polling executed successfully at "2025-11-08T09:29:05.1489378Z"
2025-11-08 11:30:07.120 +02:00 [INF] Background polling executed successfully at "2025-11-08T09:30:07.1202615Z"
2025-11-08 11:31:07.135 +02:00 [INF] Background polling executed successfully at "2025-11-08T09:31:07.1353077Z"
2025-11-08 11:32:07.176 +02:00 [INF] Background polling executed successfully at "2025-11-08T09:32:07.1764368Z"
2025-11-08 11:33:07.185 +02:00 [INF] Background polling executed successfully at "2025-11-08T09:33:07.1855885Z"
2025-11-08 11:34:07.217 +02:00 [INF] Background polling executed successfully at "2025-11-08T09:34:07.2172660Z"
2025-11-08 11:35:07.343 +02:00 [INF] Background polling executed successfully at "2025-11-08T09:35:07.3427638Z"
2025-11-08 11:36:07.363 +02:00 [INF] Background polling executed successfully at "2025-11-08T09:36:07.3635702Z"
2025-11-08 11:37:07.395 +02:00 [INF] Background polling executed successfully at "2025-11-08T09:37:07.3948098Z"
2025-11-08 11:38:07.418 +02:00 [INF] Background polling executed successfully at "2025-11-08T09:38:07.4182617Z"
2025-11-08 11:39:07.716 +02:00 [INF] Background polling executed successfully at "2025-11-08T09:39:07.7162004Z"
2025-11-08 11:40:09.624 +02:00 [INF] Background polling executed successfully at "2025-11-08T09:40:09.6241876Z"
2025-11-08 11:41:09.637 +02:00 [INF] Background polling executed successfully at "2025-11-08T09:41:09.6372570Z"
2025-11-08 11:42:09.649 +02:00 [INF] Background polling executed successfully at "2025-11-08T09:42:09.6490176Z"
2025-11-08 11:43:09.670 +02:00 [INF] Background polling executed successfully at "2025-11-08T09:43:09.6700447Z"
2025-11-08 11:44:09.676 +02:00 [INF] Background polling executed successfully at "2025-11-08T09:44:09.6764859Z"
2025-11-08 11:45:09.705 +02:00 [INF] Background polling executed successfully at "2025-11-08T09:45:09.7052098Z"
2025-11-08 11:46:09.726 +02:00 [INF] Background polling executed successfully at "2025-11-08T09:46:09.7267667Z"
2025-11-08 11:47:09.749 +02:00 [INF] Background polling executed successfully at "2025-11-08T09:47:09.7498926Z"
2025-11-08 11:48:10.201 +02:00 [INF] Background polling executed successfully at "2025-11-08T09:48:10.2011992Z"
2025-11-08 11:49:10.243 +02:00 [INF] Background polling executed successfully at "2025-11-08T09:49:10.2433869Z"
2025-11-08 11:50:10.263 +02:00 [INF] Background polling executed successfully at "2025-11-08T09:50:10.2637315Z"
2025-11-08 11:51:10.280 +02:00 [INF] Background polling executed successfully at "2025-11-08T09:51:10.2803713Z"
2025-11-08 11:52:10.303 +02:00 [INF] Background polling executed successfully at "2025-11-08T09:52:10.3036628Z"
2025-11-08 11:53:10.323 +02:00 [INF] Background polling executed successfully at "2025-11-08T09:53:10.3217850Z"
2025-11-08 11:54:10.361 +02:00 [INF] Background polling executed successfully at "2025-11-08T09:54:10.3611445Z"
2025-11-08 11:55:11.087 +02:00 [INF] Background polling executed successfully at "2025-11-08T09:55:11.0873353Z"
2025-11-08 11:56:13.125 +02:00 [INF] Background polling executed successfully at "2025-11-08T09:56:13.1251707Z"
2025-11-08 11:57:14.916 +02:00 [INF] Background polling executed successfully at "2025-11-08T09:57:14.9167342Z"
2025-11-08 11:58:14.941 +02:00 [INF] Background polling executed successfully at "2025-11-08T09:58:14.9409873Z"
2025-11-08 11:59:14.950 +02:00 [INF] Background polling executed successfully at "2025-11-08T09:59:14.9508790Z"
2025-11-08 12:00:14.967 +02:00 [INF] Background polling executed successfully at "2025-11-08T10:00:14.9678293Z"
2025-11-08 12:01:14.988 +02:00 [INF] Background polling executed successfully at "2025-11-08T10:01:14.9884184Z"
2025-11-08 12:02:15.008 +02:00 [INF] Background polling executed successfully at "2025-11-08T10:02:15.0083663Z"
2025-11-08 12:03:15.036 +02:00 [INF] Background polling executed successfully at "2025-11-08T10:03:15.0368736Z"
2025-11-08 12:04:15.056 +02:00 [INF] Background polling executed successfully at "2025-11-08T10:04:15.0561929Z"
2025-11-08 12:05:15.075 +02:00 [INF] Background polling executed successfully at "2025-11-08T10:05:15.0755542Z"
2025-11-08 12:06:15.094 +02:00 [INF] Background polling executed successfully at "2025-11-08T10:06:15.0942165Z"
2025-11-08 12:07:15.098 +02:00 [INF] Background polling executed successfully at "2025-11-08T10:07:15.0985155Z"
2025-11-08 12:08:15.114 +02:00 [INF] Background polling executed successfully at "2025-11-08T10:08:15.1143383Z"
2025-11-08 12:09:15.148 +02:00 [INF] Background polling executed successfully at "2025-11-08T10:09:15.1485560Z"
2025-11-08 12:10:15.160 +02:00 [INF] Background polling executed successfully at "2025-11-08T10:10:15.1605874Z"
2025-11-08 12:11:15.166 +02:00 [INF] Background polling executed successfully at "2025-11-08T10:11:15.1665983Z"
2025-11-08 12:12:15.181 +02:00 [INF] Background polling executed successfully at "2025-11-08T10:12:15.1819444Z"
2025-11-08 12:13:15.196 +02:00 [INF] Background polling executed successfully at "2025-11-08T10:13:15.1960730Z"
2025-11-08 12:14:15.209 +02:00 [INF] Background polling executed successfully at "2025-11-08T10:14:15.2090909Z"
2025-11-08 12:15:15.225 +02:00 [INF] Background polling executed successfully at "2025-11-08T10:15:15.2255209Z"
2025-11-08 12:16:15.232 +02:00 [INF] Background polling executed successfully at "2025-11-08T10:16:15.2327251Z"
2025-11-08 12:17:15.261 +02:00 [INF] Background polling executed successfully at "2025-11-08T10:17:15.2618529Z"
2025-11-08 12:18:15.305 +02:00 [INF] Background polling executed successfully at "2025-11-08T10:18:15.3048161Z"
2025-11-08 12:19:15.312 +02:00 [INF] Background polling executed successfully at "2025-11-08T10:19:15.3128268Z"
2025-11-08 12:20:15.316 +02:00 [INF] Background polling executed successfully at "2025-11-08T10:20:15.3165381Z"
2025-11-08 12:21:15.334 +02:00 [INF] Background polling executed successfully at "2025-11-08T10:21:15.3346209Z"
2025-11-08 12:22:15.359 +02:00 [INF] Background polling executed successfully at "2025-11-08T10:22:15.3596514Z"
2025-11-08 12:23:15.381 +02:00 [INF] Background polling executed successfully at "2025-11-08T10:23:15.3815767Z"
2025-11-08 12:24:15.400 +02:00 [INF] Background polling executed successfully at "2025-11-08T10:24:15.4003165Z"
2025-11-08 12:25:15.420 +02:00 [INF] Background polling executed successfully at "2025-11-08T10:25:15.4206326Z"
2025-11-08 12:26:15.442 +02:00 [INF] Background polling executed successfully at "2025-11-08T10:26:15.4426234Z"
2025-11-08 12:27:15.458 +02:00 [INF] Background polling executed successfully at "2025-11-08T10:27:15.4589268Z"
2025-11-08 12:28:15.487 +02:00 [INF] Background polling executed successfully at "2025-11-08T10:28:15.4872079Z"
2025-11-08 12:29:15.501 +02:00 [INF] Background polling executed successfully at "2025-11-08T10:29:15.5019617Z"
2025-11-08 12:30:15.509 +02:00 [INF] Background polling executed successfully at "2025-11-08T10:30:15.5097860Z"
2025-11-08 12:31:15.514 +02:00 [INF] Background polling executed successfully at "2025-11-08T10:31:15.5144785Z"
2025-11-08 12:32:15.523 +02:00 [INF] Background polling executed successfully at "2025-11-08T10:32:15.5230259Z"
2025-11-08 12:33:15.529 +02:00 [INF] Background polling executed successfully at "2025-11-08T10:33:15.5293924Z"
2025-11-08 12:34:15.535 +02:00 [INF] Background polling executed successfully at "2025-11-08T10:34:15.5354670Z"
2025-11-08 12:35:15.569 +02:00 [INF] Background polling executed successfully at "2025-11-08T10:35:15.5691956Z"
2025-11-08 12:36:15.596 +02:00 [INF] Background polling executed successfully at "2025-11-08T10:36:15.5962389Z"
2025-11-08 12:37:15.603 +02:00 [INF] Background polling executed successfully at "2025-11-08T10:37:15.6030919Z"
2025-11-08 12:38:15.617 +02:00 [INF] Background polling executed successfully at "2025-11-08T10:38:15.6169995Z"
2025-11-08 12:39:15.635 +02:00 [INF] Background polling executed successfully at "2025-11-08T10:39:15.6357308Z"
2025-11-08 12:40:15.672 +02:00 [INF] Background polling executed successfully at "2025-11-08T10:40:15.6722518Z"
2025-11-08 12:41:15.694 +02:00 [INF] Background polling executed successfully at "2025-11-08T10:41:15.6945861Z"
2025-11-08 12:42:15.729 +02:00 [INF] Background polling executed successfully at "2025-11-08T10:42:15.7297227Z"
2025-11-08 12:43:15.740 +02:00 [INF] Background polling executed successfully at "2025-11-08T10:43:15.7404762Z"
2025-11-08 12:44:15.754 +02:00 [INF] Background polling executed successfully at "2025-11-08T10:44:15.7545681Z"
2025-11-08 12:45:15.767 +02:00 [INF] Background polling executed successfully at "2025-11-08T10:45:15.7677382Z"
2025-11-08 12:46:15.805 +02:00 [INF] Background polling executed successfully at "2025-11-08T10:46:15.8050408Z"
2025-11-08 12:47:15.817 +02:00 [INF] Background polling executed successfully at "2025-11-08T10:47:15.8172201Z"
2025-11-08 12:48:15.830 +02:00 [INF] Background polling executed successfully at "2025-11-08T10:48:15.8299774Z"
2025-11-08 12:49:15.878 +02:00 [INF] Background polling executed successfully at "2025-11-08T10:49:15.8780577Z"
2025-11-08 12:50:15.901 +02:00 [INF] Background polling executed successfully at "2025-11-08T10:50:15.9010297Z"
2025-11-08 12:51:15.911 +02:00 [INF] Background polling executed successfully at "2025-11-08T10:51:15.9116847Z"
2025-11-08 12:52:15.919 +02:00 [INF] Background polling executed successfully at "2025-11-08T10:52:15.9195664Z"
2025-11-08 12:53:15.936 +02:00 [INF] Background polling executed successfully at "2025-11-08T10:53:15.9369644Z"
2025-11-08 12:54:15.956 +02:00 [INF] Background polling executed successfully at "2025-11-08T10:54:15.9565214Z"
2025-11-08 12:55:15.986 +02:00 [INF] Background polling executed successfully at "2025-11-08T10:55:15.9861097Z"
2025-11-08 12:56:15.996 +02:00 [INF] Background polling executed successfully at "2025-11-08T10:56:15.9969668Z"
2025-11-08 12:57:16.008 +02:00 [INF] Background polling executed successfully at "2025-11-08T10:57:16.0085043Z"
2025-11-08 12:58:16.053 +02:00 [INF] Background polling executed successfully at "2025-11-08T10:58:16.0533394Z"
2025-11-08 12:59:16.087 +02:00 [INF] Background polling executed successfully at "2025-11-08T10:59:16.0874003Z"
2025-11-08 13:00:16.098 +02:00 [INF] Background polling executed successfully at "2025-11-08T11:00:16.0986833Z"
2025-11-08 13:01:16.133 +02:00 [INF] Background polling executed successfully at "2025-11-08T11:01:16.1336740Z"
2025-11-08 13:02:16.174 +02:00 [INF] Background polling executed successfully at "2025-11-08T11:02:16.1747689Z"
2025-11-08 13:03:16.189 +02:00 [INF] Background polling executed successfully at "2025-11-08T11:03:16.1895805Z"
2025-11-08 13:04:16.216 +02:00 [INF] Background polling executed successfully at "2025-11-08T11:04:16.2160719Z"
2025-11-08 13:05:16.241 +02:00 [INF] Background polling executed successfully at "2025-11-08T11:05:16.2419327Z"
2025-11-08 13:06:16.257 +02:00 [INF] Background polling executed successfully at "2025-11-08T11:06:16.2576980Z"
2025-11-08 13:07:16.294 +02:00 [INF] Background polling executed successfully at "2025-11-08T11:07:16.2949596Z"
2025-11-08 13:08:16.310 +02:00 [INF] Background polling executed successfully at "2025-11-08T11:08:16.3102191Z"
2025-11-08 13:09:16.320 +02:00 [INF] Background polling executed successfully at "2025-11-08T11:09:16.3207469Z"
2025-11-08 13:10:16.328 +02:00 [INF] Background polling executed successfully at "2025-11-08T11:10:16.3288302Z"
2025-11-08 13:11:16.335 +02:00 [INF] Background polling executed successfully at "2025-11-08T11:11:16.3353174Z"
2025-11-08 13:12:16.344 +02:00 [INF] Background polling executed successfully at "2025-11-08T11:12:16.3447513Z"
2025-11-08 13:13:16.362 +02:00 [INF] Background polling executed successfully at "2025-11-08T11:13:16.3629312Z"
2025-11-08 13:14:16.387 +02:00 [INF] Background polling executed successfully at "2025-11-08T11:14:16.3874262Z"
2025-11-08 13:15:16.398 +02:00 [INF] Background polling executed successfully at "2025-11-08T11:15:16.3987399Z"
2025-11-08 13:16:16.422 +02:00 [INF] Background polling executed successfully at "2025-11-08T11:16:16.4219812Z"
2025-11-08 13:17:16.449 +02:00 [INF] Background polling executed successfully at "2025-11-08T11:17:16.4496589Z"
2025-11-08 13:18:16.681 +02:00 [INF] Background polling executed successfully at "2025-11-08T11:18:16.6814913Z"
2025-11-08 13:19:16.693 +02:00 [INF] Background polling executed successfully at "2025-11-08T11:19:16.6934065Z"
2025-11-08 13:20:16.711 +02:00 [INF] Background polling executed successfully at "2025-11-08T11:20:16.7109586Z"
2025-11-08 13:21:16.730 +02:00 [INF] Background polling executed successfully at "2025-11-08T11:21:16.7303126Z"
2025-11-08 13:22:16.743 +02:00 [INF] Background polling executed successfully at "2025-11-08T11:22:16.7431588Z"
2025-11-08 13:23:16.771 +02:00 [INF] Background polling executed successfully at "2025-11-08T11:23:16.7711440Z"
2025-11-08 13:24:16.806 +02:00 [INF] Background polling executed successfully at "2025-11-08T11:24:16.8063997Z"
2025-11-08 13:25:16.821 +02:00 [INF] Background polling executed successfully at "2025-11-08T11:25:16.8216999Z"
2025-11-08 13:26:16.831 +02:00 [INF] Background polling executed successfully at "2025-11-08T11:26:16.8311810Z"
2025-11-08 13:27:16.892 +02:00 [INF] Background polling executed successfully at "2025-11-08T11:27:16.8924369Z"
2025-11-08 13:28:16.937 +02:00 [INF] Background polling executed successfully at "2025-11-08T11:28:16.9376027Z"
2025-11-08 13:29:16.972 +02:00 [INF] Background polling executed successfully at "2025-11-08T11:29:16.9723007Z"
2025-11-08 13:30:17.045 +02:00 [INF] Background polling executed successfully at "2025-11-08T11:30:17.0457338Z"
2025-11-08 13:31:17.110 +02:00 [INF] Background polling executed successfully at "2025-11-08T11:31:17.1106046Z"
2025-11-08 13:32:17.119 +02:00 [INF] Background polling executed successfully at "2025-11-08T11:32:17.1193762Z"
2025-11-08 13:33:17.128 +02:00 [INF] Background polling executed successfully at "2025-11-08T11:33:17.1280087Z"
2025-11-08 13:34:17.151 +02:00 [INF] Background polling executed successfully at "2025-11-08T11:34:17.1511058Z"
2025-11-08 13:35:17.167 +02:00 [INF] Background polling executed successfully at "2025-11-08T11:35:17.1675211Z"
2025-11-08 13:36:17.179 +02:00 [INF] Background polling executed successfully at "2025-11-08T11:36:17.1795540Z"
2025-11-08 13:37:17.190 +02:00 [INF] Background polling executed successfully at "2025-11-08T11:37:17.1902498Z"
2025-11-08 13:38:17.201 +02:00 [INF] Background polling executed successfully at "2025-11-08T11:38:17.2013416Z"
2025-11-08 13:39:17.216 +02:00 [INF] Background polling executed successfully at "2025-11-08T11:39:17.2162874Z"
2025-11-08 13:40:17.225 +02:00 [INF] Background polling executed successfully at "2025-11-08T11:40:17.2253339Z"
2025-11-08 13:41:17.233 +02:00 [INF] Background polling executed successfully at "2025-11-08T11:41:17.2330529Z"
2025-11-08 13:42:17.244 +02:00 [INF] Background polling executed successfully at "2025-11-08T11:42:17.2446694Z"
2025-11-08 13:43:17.257 +02:00 [INF] Background polling executed successfully at "2025-11-08T11:43:17.2572237Z"
2025-11-08 13:44:17.342 +02:00 [INF] Background polling executed successfully at "2025-11-08T11:44:17.3423799Z"
2025-11-08 13:45:17.770 +02:00 [INF] Background polling executed successfully at "2025-11-08T11:45:17.7704943Z"
2025-11-08 13:46:17.845 +02:00 [INF] Background polling executed successfully at "2025-11-08T11:46:17.8457752Z"
2025-11-08 13:47:17.866 +02:00 [INF] Background polling executed successfully at "2025-11-08T11:47:17.8667888Z"
2025-11-08 13:48:17.904 +02:00 [INF] Background polling executed successfully at "2025-11-08T11:48:17.9045273Z"
2025-11-08 13:49:17.989 +02:00 [INF] Background polling executed successfully at "2025-11-08T11:49:17.9895746Z"
2025-11-08 13:50:18.062 +02:00 [INF] Background polling executed successfully at "2025-11-08T11:50:18.0625961Z"
2025-11-08 13:51:18.082 +02:00 [INF] Background polling executed successfully at "2025-11-08T11:51:18.0824415Z"
2025-11-08 13:52:18.095 +02:00 [INF] Background polling executed successfully at "2025-11-08T11:52:18.0956790Z"
2025-11-08 13:53:18.103 +02:00 [INF] Background polling executed successfully at "2025-11-08T11:53:18.1029909Z"
2025-11-08 13:54:18.112 +02:00 [INF] Background polling executed successfully at "2025-11-08T11:54:18.1129596Z"
2025-11-08 13:55:18.123 +02:00 [INF] Background polling executed successfully at "2025-11-08T11:55:18.1232539Z"
2025-11-08 13:56:18.140 +02:00 [INF] Background polling executed successfully at "2025-11-08T11:56:18.1405997Z"
2025-11-08 13:57:18.160 +02:00 [INF] Background polling executed successfully at "2025-11-08T11:57:18.1601684Z"
2025-11-08 13:58:18.178 +02:00 [INF] Background polling executed successfully at "2025-11-08T11:58:18.1786973Z"
2025-11-08 13:59:18.240 +02:00 [INF] Background polling executed successfully at "2025-11-08T11:59:18.2366011Z"
2025-11-08 14:00:18.430 +02:00 [INF] Background polling executed successfully at "2025-11-08T12:00:18.4302673Z"
2025-11-08 14:01:18.447 +02:00 [INF] Background polling executed successfully at "2025-11-08T12:01:18.4470626Z"
2025-11-08 14:02:18.454 +02:00 [INF] Background polling executed successfully at "2025-11-08T12:02:18.4543285Z"
2025-11-08 14:03:18.471 +02:00 [INF] Background polling executed successfully at "2025-11-08T12:03:18.4714162Z"
2025-11-08 14:04:18.477 +02:00 [INF] Background polling executed successfully at "2025-11-08T12:04:18.4772486Z"
2025-11-08 14:05:18.484 +02:00 [INF] Background polling executed successfully at "2025-11-08T12:05:18.4848565Z"
2025-11-08 14:06:18.515 +02:00 [INF] Background polling executed successfully at "2025-11-08T12:06:18.5157008Z"
2025-11-08 14:07:18.536 +02:00 [INF] Background polling executed successfully at "2025-11-08T12:07:18.5363658Z"
2025-11-08 14:08:18.558 +02:00 [INF] Background polling executed successfully at "2025-11-08T12:08:18.5582781Z"
2025-11-08 14:09:18.580 +02:00 [INF] Background polling executed successfully at "2025-11-08T12:09:18.5808981Z"
2025-11-08 14:10:18.601 +02:00 [INF] Background polling executed successfully at "2025-11-08T12:10:18.6013196Z"
2025-11-08 14:11:18.619 +02:00 [INF] Background polling executed successfully at "2025-11-08T12:11:18.6193494Z"
2025-11-08 14:12:18.635 +02:00 [INF] Background polling executed successfully at "2025-11-08T12:12:18.6352601Z"
2025-11-08 14:13:18.643 +02:00 [INF] Background polling executed successfully at "2025-11-08T12:13:18.6432192Z"
2025-11-08 14:14:18.666 +02:00 [INF] Background polling executed successfully at "2025-11-08T12:14:18.6665343Z"
2025-11-08 14:15:18.687 +02:00 [INF] Background polling executed successfully at "2025-11-08T12:15:18.6871625Z"
2025-11-08 14:16:18.760 +02:00 [INF] Background polling executed successfully at "2025-11-08T12:16:18.7605022Z"
2025-11-08 14:17:18.779 +02:00 [INF] Background polling executed successfully at "2025-11-08T12:17:18.7793101Z"
2025-11-08 14:18:18.784 +02:00 [INF] Background polling executed successfully at "2025-11-08T12:18:18.7845137Z"
2025-11-08 14:19:18.791 +02:00 [INF] Background polling executed successfully at "2025-11-08T12:19:18.7918821Z"
2025-11-08 14:20:18.816 +02:00 [INF] Background polling executed successfully at "2025-11-08T12:20:18.8165192Z"
2025-11-08 14:21:18.832 +02:00 [INF] Background polling executed successfully at "2025-11-08T12:21:18.8321876Z"
2025-11-08 14:22:18.851 +02:00 [INF] Background polling executed successfully at "2025-11-08T12:22:18.8516178Z"
2025-11-08 14:23:18.867 +02:00 [INF] Background polling executed successfully at "2025-11-08T12:23:18.8678049Z"
2025-11-08 14:24:18.880 +02:00 [INF] Background polling executed successfully at "2025-11-08T12:24:18.8808235Z"
2025-11-08 14:25:18.896 +02:00 [INF] Background polling executed successfully at "2025-11-08T12:25:18.8967485Z"
2025-11-08 14:26:18.909 +02:00 [INF] Background polling executed successfully at "2025-11-08T12:26:18.9092193Z"
2025-11-08 14:27:18.929 +02:00 [INF] Background polling executed successfully at "2025-11-08T12:27:18.9297331Z"
2025-11-08 14:28:18.947 +02:00 [INF] Background polling executed successfully at "2025-11-08T12:28:18.9475691Z"
2025-11-08 14:29:18.972 +02:00 [INF] Background polling executed successfully at "2025-11-08T12:29:18.9724977Z"
2025-11-08 14:30:19.070 +02:00 [INF] Background polling executed successfully at "2025-11-08T12:30:19.0701827Z"
2025-11-08 14:31:19.086 +02:00 [INF] Background polling executed successfully at "2025-11-08T12:31:19.0860663Z"
2025-11-08 14:32:19.107 +02:00 [INF] Background polling executed successfully at "2025-11-08T12:32:19.1074693Z"
2025-11-08 14:33:19.122 +02:00 [INF] Background polling executed successfully at "2025-11-08T12:33:19.1223611Z"
2025-11-08 14:34:19.165 +02:00 [INF] Background polling executed successfully at "2025-11-08T12:34:19.1653182Z"
2025-11-08 14:35:19.201 +02:00 [INF] Background polling executed successfully at "2025-11-08T12:35:19.2015264Z"
2025-11-08 14:36:19.212 +02:00 [INF] Background polling executed successfully at "2025-11-08T12:36:19.2124029Z"
2025-11-08 14:37:19.224 +02:00 [INF] Background polling executed successfully at "2025-11-08T12:37:19.2249165Z"
2025-11-08 14:38:19.254 +02:00 [INF] Background polling executed successfully at "2025-11-08T12:38:19.2542353Z"
2025-11-08 14:39:19.304 +02:00 [INF] Background polling executed successfully at "2025-11-08T12:39:19.3042333Z"
2025-11-08 14:40:19.320 +02:00 [INF] Background polling executed successfully at "2025-11-08T12:40:19.3204231Z"
2025-11-08 14:41:19.332 +02:00 [INF] Background polling executed successfully at "2025-11-08T12:41:19.3322816Z"
2025-11-08 14:42:19.349 +02:00 [INF] Background polling executed successfully at "2025-11-08T12:42:19.3493615Z"
2025-11-08 14:43:19.376 +02:00 [INF] Background polling executed successfully at "2025-11-08T12:43:19.3760267Z"
2025-11-08 14:44:19.421 +02:00 [INF] Background polling executed successfully at "2025-11-08T12:44:19.4212163Z"
2025-11-08 14:45:19.432 +02:00 [INF] Background polling executed successfully at "2025-11-08T12:45:19.4325788Z"
2025-11-08 14:46:19.449 +02:00 [INF] Background polling executed successfully at "2025-11-08T12:46:19.4490871Z"
2025-11-08 14:47:19.467 +02:00 [INF] Background polling executed successfully at "2025-11-08T12:47:19.4674787Z"
2025-11-08 14:48:19.487 +02:00 [INF] Background polling executed successfully at "2025-11-08T12:48:19.4874673Z"
2025-11-08 14:49:19.515 +02:00 [INF] Background polling executed successfully at "2025-11-08T12:49:19.5150331Z"
2025-11-08 14:50:19.534 +02:00 [INF] Background polling executed successfully at "2025-11-08T12:50:19.5344471Z"
2025-11-08 14:51:19.551 +02:00 [INF] Background polling executed successfully at "2025-11-08T12:51:19.5519238Z"
2025-11-08 14:52:19.568 +02:00 [INF] Background polling executed successfully at "2025-11-08T12:52:19.5687276Z"
2025-11-08 14:53:19.582 +02:00 [INF] Background polling executed successfully at "2025-11-08T12:53:19.5825702Z"
2025-11-08 14:54:19.589 +02:00 [INF] Background polling executed successfully at "2025-11-08T12:54:19.5896023Z"
2025-11-08 14:55:19.606 +02:00 [INF] Background polling executed successfully at "2025-11-08T12:55:19.6068194Z"
2025-11-08 14:56:19.637 +02:00 [INF] Background polling executed successfully at "2025-11-08T12:56:19.6371688Z"
2025-11-08 14:57:19.666 +02:00 [INF] Background polling executed successfully at "2025-11-08T12:57:19.6664173Z"
2025-11-08 14:58:19.684 +02:00 [INF] Background polling executed successfully at "2025-11-08T12:58:19.6849047Z"
2025-11-08 14:59:19.694 +02:00 [INF] Background polling executed successfully at "2025-11-08T12:59:19.6946575Z"
2025-11-08 15:00:23.067 +02:00 [INF] Background polling executed successfully at "2025-11-08T13:00:23.0673680Z"
2025-11-08 15:01:23.108 +02:00 [INF] Background polling executed successfully at "2025-11-08T13:01:23.1087874Z"
2025-11-08 15:02:23.140 +02:00 [INF] Background polling executed successfully at "2025-11-08T13:02:23.1401464Z"
2025-11-08 15:03:23.162 +02:00 [INF] Background polling executed successfully at "2025-11-08T13:03:23.1623358Z"
2025-11-08 15:04:23.189 +02:00 [INF] Background polling executed successfully at "2025-11-08T13:04:23.1897709Z"
2025-11-08 15:05:23.205 +02:00 [INF] Background polling executed successfully at "2025-11-08T13:05:23.2053283Z"
2025-11-08 15:06:23.241 +02:00 [INF] Background polling executed successfully at "2025-11-08T13:06:23.2410427Z"
2025-11-08 15:07:23.257 +02:00 [INF] Background polling executed successfully at "2025-11-08T13:07:23.2571663Z"
2025-11-08 15:08:23.274 +02:00 [INF] Background polling executed successfully at "2025-11-08T13:08:23.2748711Z"
2025-11-08 15:09:23.301 +02:00 [INF] Background polling executed successfully at "2025-11-08T13:09:23.3019648Z"
2025-11-08 15:10:23.323 +02:00 [INF] Background polling executed successfully at "2025-11-08T13:10:23.3232783Z"
2025-11-08 15:11:23.327 +02:00 [INF] Background polling executed successfully at "2025-11-08T13:11:23.3278826Z"
2025-11-08 15:12:23.345 +02:00 [INF] Background polling executed successfully at "2025-11-08T13:12:23.3457120Z"
2025-11-08 15:13:23.355 +02:00 [INF] Background polling executed successfully at "2025-11-08T13:13:23.3557007Z"
2025-11-08 15:14:23.375 +02:00 [INF] Background polling executed successfully at "2025-11-08T13:14:23.3756891Z"
2025-11-08 15:15:23.384 +02:00 [INF] Background polling executed successfully at "2025-11-08T13:15:23.3849160Z"
2025-11-08 15:16:23.418 +02:00 [INF] Background polling executed successfully at "2025-11-08T13:16:23.4184503Z"
2025-11-08 15:17:23.449 +02:00 [INF] Background polling executed successfully at "2025-11-08T13:17:23.4492724Z"
2025-11-08 15:18:23.455 +02:00 [INF] Background polling executed successfully at "2025-11-08T13:18:23.4552057Z"
2025-11-08 15:19:23.472 +02:00 [INF] Background polling executed successfully at "2025-11-08T13:19:23.4726239Z"
2025-11-08 15:20:23.478 +02:00 [INF] Background polling executed successfully at "2025-11-08T13:20:23.4788887Z"
2025-11-08 15:21:23.493 +02:00 [INF] Background polling executed successfully at "2025-11-08T13:21:23.4935302Z"
2025-11-08 15:22:23.507 +02:00 [INF] Background polling executed successfully at "2025-11-08T13:22:23.5072699Z"
2025-11-08 15:23:23.518 +02:00 [INF] Background polling executed successfully at "2025-11-08T13:23:23.5188942Z"
2025-11-08 15:24:23.547 +02:00 [INF] Background polling executed successfully at "2025-11-08T13:24:23.5477538Z"
2025-11-08 15:25:23.586 +02:00 [INF] Background polling executed successfully at "2025-11-08T13:25:23.5869337Z"
2025-11-08 15:26:23.610 +02:00 [INF] Background polling executed successfully at "2025-11-08T13:26:23.6108968Z"
2025-11-08 15:27:23.624 +02:00 [INF] Background polling executed successfully at "2025-11-08T13:27:23.6244304Z"
2025-11-08 15:28:23.637 +02:00 [INF] Background polling executed successfully at "2025-11-08T13:28:23.6376624Z"
2025-11-08 15:29:23.653 +02:00 [INF] Background polling executed successfully at "2025-11-08T13:29:23.6534501Z"
2025-11-08 15:30:23.662 +02:00 [INF] Background polling executed successfully at "2025-11-08T13:30:23.6628117Z"
2025-11-08 15:31:23.713 +02:00 [INF] Background polling executed successfully at "2025-11-08T13:31:23.7138296Z"
2025-11-08 15:32:24.270 +02:00 [INF] Background polling executed successfully at "2025-11-08T13:32:24.2703024Z"
2025-11-08 15:33:24.294 +02:00 [INF] Background polling executed successfully at "2025-11-08T13:33:24.2941379Z"
2025-11-08 15:34:24.317 +02:00 [INF] Background polling executed successfully at "2025-11-08T13:34:24.3169902Z"
2025-11-08 15:35:24.417 +02:00 [INF] Background polling executed successfully at "2025-11-08T13:35:24.4175916Z"
2025-11-08 15:36:24.428 +02:00 [INF] Background polling executed successfully at "2025-11-08T13:36:24.4287825Z"
2025-11-08 15:37:24.449 +02:00 [INF] Background polling executed successfully at "2025-11-08T13:37:24.4497270Z"
2025-11-08 15:38:24.525 +02:00 [INF] Background polling executed successfully at "2025-11-08T13:38:24.5256895Z"
2025-11-08 15:39:24.702 +02:00 [INF] Background polling executed successfully at "2025-11-08T13:39:24.7024675Z"
2025-11-08 15:40:24.719 +02:00 [INF] Background polling executed successfully at "2025-11-08T13:40:24.7197380Z"
2025-11-08 15:41:24.726 +02:00 [INF] Background polling executed successfully at "2025-11-08T13:41:24.7266498Z"
2025-11-08 15:42:24.741 +02:00 [INF] Background polling executed successfully at "2025-11-08T13:42:24.7412532Z"
2025-11-08 15:43:24.759 +02:00 [INF] Background polling executed successfully at "2025-11-08T13:43:24.7599293Z"
2025-11-08 15:44:24.777 +02:00 [INF] Background polling executed successfully at "2025-11-08T13:44:24.7774047Z"
2025-11-08 15:45:24.792 +02:00 [INF] Background polling executed successfully at "2025-11-08T13:45:24.7927966Z"
2025-11-08 15:46:24.804 +02:00 [INF] Background polling executed successfully at "2025-11-08T13:46:24.8042280Z"
2025-11-08 15:47:24.831 +02:00 [INF] Background polling executed successfully at "2025-11-08T13:47:24.8312403Z"
2025-11-08 15:48:24.881 +02:00 [INF] Background polling executed successfully at "2025-11-08T13:48:24.8810078Z"
2025-11-08 15:49:24.914 +02:00 [INF] Background polling executed successfully at "2025-11-08T13:49:24.9143832Z"
2025-11-08 15:50:24.940 +02:00 [INF] Background polling executed successfully at "2025-11-08T13:50:24.9404688Z"
2025-11-08 15:51:24.948 +02:00 [INF] Background polling executed successfully at "2025-11-08T13:51:24.9484167Z"
2025-11-08 15:52:24.963 +02:00 [INF] Background polling executed successfully at "2025-11-08T13:52:24.9631625Z"
2025-11-08 15:53:24.975 +02:00 [INF] Background polling executed successfully at "2025-11-08T13:53:24.9757720Z"
2025-11-08 15:54:25.000 +02:00 [INF] Background polling executed successfully at "2025-11-08T13:54:25.0000370Z"
2025-11-08 15:55:25.010 +02:00 [INF] Background polling executed successfully at "2025-11-08T13:55:25.0102036Z"
2025-11-08 15:56:25.017 +02:00 [INF] Background polling executed successfully at "2025-11-08T13:56:25.0170971Z"
2025-11-08 15:57:25.030 +02:00 [INF] Background polling executed successfully at "2025-11-08T13:57:25.0307493Z"
2025-11-08 15:58:25.041 +02:00 [INF] Background polling executed successfully at "2025-11-08T13:58:25.0419139Z"
2025-11-08 15:59:25.074 +02:00 [INF] Background polling executed successfully at "2025-11-08T13:59:25.0747819Z"
2025-11-08 16:00:25.097 +02:00 [INF] Background polling executed successfully at "2025-11-08T14:00:25.0970541Z"
2025-11-08 16:01:25.110 +02:00 [INF] Background polling executed successfully at "2025-11-08T14:01:25.1106361Z"
2025-11-08 16:02:25.132 +02:00 [INF] Background polling executed successfully at "2025-11-08T14:02:25.1328999Z"
2025-11-08 16:03:25.179 +02:00 [INF] Background polling executed successfully at "2025-11-08T14:03:25.1794056Z"
2025-11-08 16:04:25.194 +02:00 [INF] Background polling executed successfully at "2025-11-08T14:04:25.1944221Z"
2025-11-08 16:05:25.211 +02:00 [INF] Background polling executed successfully at "2025-11-08T14:05:25.2118694Z"
2025-11-08 16:06:25.226 +02:00 [INF] Background polling executed successfully at "2025-11-08T14:06:25.2267694Z"
2025-11-08 16:07:25.251 +02:00 [INF] Background polling executed successfully at "2025-11-08T14:07:25.2513938Z"
2025-11-08 16:08:25.266 +02:00 [INF] Background polling executed successfully at "2025-11-08T14:08:25.2667372Z"
2025-11-08 16:09:25.297 +02:00 [INF] Background polling executed successfully at "2025-11-08T14:09:25.2976388Z"
2025-11-08 16:10:25.307 +02:00 [INF] Background polling executed successfully at "2025-11-08T14:10:25.3074508Z"
2025-11-08 16:11:25.311 +02:00 [INF] Background polling executed successfully at "2025-11-08T14:11:25.3115927Z"
2025-11-08 16:12:25.350 +02:00 [INF] Background polling executed successfully at "2025-11-08T14:12:25.3501667Z"
2025-11-08 16:13:25.372 +02:00 [INF] Background polling executed successfully at "2025-11-08T14:13:25.3728435Z"
2025-11-08 16:14:25.373 +02:00 [INF] Background polling executed successfully at "2025-11-08T14:14:25.3736311Z"
2025-11-08 16:15:25.379 +02:00 [INF] Background polling executed successfully at "2025-11-08T14:15:25.3798351Z"
2025-11-08 16:16:25.400 +02:00 [INF] Background polling executed successfully at "2025-11-08T14:16:25.4000916Z"
2025-11-08 16:17:25.416 +02:00 [INF] Background polling executed successfully at "2025-11-08T14:17:25.4164559Z"
2025-11-08 16:18:25.440 +02:00 [INF] Background polling executed successfully at "2025-11-08T14:18:25.4404445Z"
2025-11-08 16:19:25.461 +02:00 [INF] Background polling executed successfully at "2025-11-08T14:19:25.4614946Z"
2025-11-08 16:20:25.470 +02:00 [INF] Background polling executed successfully at "2025-11-08T14:20:25.4708485Z"
2025-11-08 16:21:25.484 +02:00 [INF] Background polling executed successfully at "2025-11-08T14:21:25.4843685Z"
2025-11-08 16:22:25.490 +02:00 [INF] Background polling executed successfully at "2025-11-08T14:22:25.4908253Z"
2025-11-08 16:23:25.518 +02:00 [INF] Background polling executed successfully at "2025-11-08T14:23:25.5181674Z"
2025-11-08 16:24:25.546 +02:00 [INF] Background polling executed successfully at "2025-11-08T14:24:25.5462079Z"
2025-11-08 16:25:25.572 +02:00 [INF] Background polling executed successfully at "2025-11-08T14:25:25.5724464Z"
2025-11-08 16:26:25.595 +02:00 [INF] Background polling executed successfully at "2025-11-08T14:26:25.5959480Z"
2025-11-08 16:27:25.623 +02:00 [INF] Background polling executed successfully at "2025-11-08T14:27:25.6237932Z"
2025-11-08 16:28:25.632 +02:00 [INF] Background polling executed successfully at "2025-11-08T14:28:25.6324698Z"
2025-11-08 16:29:25.651 +02:00 [INF] Background polling executed successfully at "2025-11-08T14:29:25.6513754Z"
2025-11-08 16:30:25.675 +02:00 [INF] Background polling executed successfully at "2025-11-08T14:30:25.6759272Z"
2025-11-08 16:31:25.698 +02:00 [INF] Background polling executed successfully at "2025-11-08T14:31:25.6989507Z"
2025-11-08 16:32:25.715 +02:00 [INF] Background polling executed successfully at "2025-11-08T14:32:25.7158473Z"
2025-11-08 16:33:25.724 +02:00 [INF] Background polling executed successfully at "2025-11-08T14:33:25.7247920Z"
2025-11-08 16:34:25.737 +02:00 [INF] Background polling executed successfully at "2025-11-08T14:34:25.7373997Z"
2025-11-08 16:35:25.741 +02:00 [INF] Background polling executed successfully at "2025-11-08T14:35:25.7418923Z"
2025-11-08 16:36:25.759 +02:00 [INF] Background polling executed successfully at "2025-11-08T14:36:25.7592548Z"
2025-11-08 16:37:25.813 +02:00 [INF] Background polling executed successfully at "2025-11-08T14:37:25.8130710Z"
2025-11-08 16:38:25.833 +02:00 [INF] Background polling executed successfully at "2025-11-08T14:38:25.8332824Z"
2025-11-08 16:39:25.852 +02:00 [INF] Background polling executed successfully at "2025-11-08T14:39:25.8526418Z"
2025-11-08 16:40:25.874 +02:00 [INF] Background polling executed successfully at "2025-11-08T14:40:25.8747346Z"
2025-11-08 16:41:25.895 +02:00 [INF] Background polling executed successfully at "2025-11-08T14:41:25.8953124Z"
2025-11-08 16:42:25.909 +02:00 [INF] Background polling executed successfully at "2025-11-08T14:42:25.9098834Z"
2025-11-08 16:43:25.919 +02:00 [INF] Background polling executed successfully at "2025-11-08T14:43:25.9194984Z"
2025-11-08 16:44:25.943 +02:00 [INF] Background polling executed successfully at "2025-11-08T14:44:25.9431573Z"
2025-11-08 16:45:25.965 +02:00 [INF] Background polling executed successfully at "2025-11-08T14:45:25.9655711Z"
2025-11-08 16:46:25.983 +02:00 [INF] Background polling executed successfully at "2025-11-08T14:46:25.9838450Z"
2025-11-08 16:47:25.987 +02:00 [INF] Background polling executed successfully at "2025-11-08T14:47:25.9878273Z"
2025-11-08 16:48:26.004 +02:00 [INF] Background polling executed successfully at "2025-11-08T14:48:26.0049452Z"
2025-11-08 16:49:26.029 +02:00 [INF] Background polling executed successfully at "2025-11-08T14:49:26.0290599Z"
2025-11-08 16:50:26.037 +02:00 [INF] Background polling executed successfully at "2025-11-08T14:50:26.0374653Z"
2025-11-08 16:51:26.051 +02:00 [INF] Background polling executed successfully at "2025-11-08T14:51:26.0512211Z"
2025-11-08 16:52:26.066 +02:00 [INF] Background polling executed successfully at "2025-11-08T14:52:26.0664782Z"
2025-11-08 16:53:26.069 +02:00 [INF] Background polling executed successfully at "2025-11-08T14:53:26.0692332Z"
2025-11-08 16:54:26.072 +02:00 [INF] Background polling executed successfully at "2025-11-08T14:54:26.0720810Z"
2025-11-08 16:55:26.092 +02:00 [INF] Background polling executed successfully at "2025-11-08T14:55:26.0921356Z"
2025-11-08 16:56:26.098 +02:00 [INF] Background polling executed successfully at "2025-11-08T14:56:26.0989540Z"
2025-11-08 16:57:26.175 +02:00 [INF] Background polling executed successfully at "2025-11-08T14:57:26.1749946Z"
2025-11-08 16:58:26.180 +02:00 [INF] Background polling executed successfully at "2025-11-08T14:58:26.1809168Z"
2025-11-08 16:59:26.186 +02:00 [INF] Background polling executed successfully at "2025-11-08T14:59:26.1864716Z"
2025-11-08 17:00:26.198 +02:00 [INF] Background polling executed successfully at "2025-11-08T15:00:26.1980132Z"
2025-11-08 17:01:26.216 +02:00 [INF] Background polling executed successfully at "2025-11-08T15:01:26.2161217Z"
2025-11-08 17:02:26.224 +02:00 [INF] Background polling executed successfully at "2025-11-08T15:02:26.2246198Z"
2025-11-08 17:03:26.246 +02:00 [INF] Background polling executed successfully at "2025-11-08T15:03:26.2468289Z"
2025-11-08 17:04:26.255 +02:00 [INF] Background polling executed successfully at "2025-11-08T15:04:26.2557397Z"
2025-11-08 17:05:26.307 +02:00 [INF] Background polling executed successfully at "2025-11-08T15:05:26.3074007Z"
2025-11-08 17:06:26.668 +02:00 [INF] Background polling executed successfully at "2025-11-08T15:06:26.6680187Z"
2025-11-08 17:07:26.676 +02:00 [INF] Background polling executed successfully at "2025-11-08T15:07:26.6762571Z"
2025-11-08 17:08:26.744 +02:00 [INF] Background polling executed successfully at "2025-11-08T15:08:26.7444791Z"
2025-11-08 17:09:26.749 +02:00 [INF] Background polling executed successfully at "2025-11-08T15:09:26.7499184Z"
2025-11-08 17:10:26.769 +02:00 [INF] Background polling executed successfully at "2025-11-08T15:10:26.7693114Z"
2025-11-08 17:11:26.784 +02:00 [INF] Background polling executed successfully at "2025-11-08T15:11:26.7845495Z"
2025-11-08 17:12:26.895 +02:00 [INF] Background polling executed successfully at "2025-11-08T15:12:26.8952676Z"
2025-11-08 18:23:28.605 +02:00 [INF] Background polling executed successfully at "2025-11-08T16:23:28.6059414Z"
2025-11-08 18:24:28.693 +02:00 [INF] Background polling executed successfully at "2025-11-08T16:24:28.6938986Z"
2025-11-08 18:25:28.710 +02:00 [INF] Background polling executed successfully at "2025-11-08T16:25:28.7107741Z"
2025-11-08 18:26:28.715 +02:00 [INF] Background polling executed successfully at "2025-11-08T16:26:28.7152951Z"
2025-11-08 18:27:28.730 +02:00 [INF] Background polling executed successfully at "2025-11-08T16:27:28.7300792Z"
2025-11-08 18:28:28.734 +02:00 [INF] Background polling executed successfully at "2025-11-08T16:28:28.7340459Z"
2025-11-08 18:29:28.743 +02:00 [INF] Background polling executed successfully at "2025-11-08T16:29:28.7430494Z"
2025-11-08 18:30:28.757 +02:00 [INF] Background polling executed successfully at "2025-11-08T16:30:28.7571447Z"
2025-11-08 18:31:28.905 +02:00 [INF] Background polling executed successfully at "2025-11-08T16:31:28.9057096Z"
2025-11-08 18:32:29.004 +02:00 [INF] Background polling executed successfully at "2025-11-08T16:32:29.0045309Z"
2025-11-08 18:33:29.008 +02:00 [INF] Background polling executed successfully at "2025-11-08T16:33:29.0086497Z"
2025-11-08 18:34:29.021 +02:00 [INF] Background polling executed successfully at "2025-11-08T16:34:29.0211072Z"
2025-11-08 18:35:29.027 +02:00 [INF] Background polling executed successfully at "2025-11-08T16:35:29.0269972Z"
2025-11-08 18:36:29.058 +02:00 [INF] Background polling executed successfully at "2025-11-08T16:36:29.0584618Z"
2025-11-08 18:37:29.070 +02:00 [INF] Background polling executed successfully at "2025-11-08T16:37:29.0707463Z"
2025-11-08 18:38:29.082 +02:00 [INF] Background polling executed successfully at "2025-11-08T16:38:29.0823604Z"
2025-11-08 18:39:29.089 +02:00 [INF] Background polling executed successfully at "2025-11-08T16:39:29.0899280Z"
2025-11-08 18:40:30.588 +02:00 [INF] Background polling executed successfully at "2025-11-08T16:40:30.5880952Z"
2025-11-08 18:41:30.616 +02:00 [INF] Background polling executed successfully at "2025-11-08T16:41:30.6165340Z"
2025-11-08 18:42:30.638 +02:00 [INF] Background polling executed successfully at "2025-11-08T16:42:30.6383068Z"
2025-11-08 18:43:30.654 +02:00 [INF] Background polling executed successfully at "2025-11-08T16:43:30.6544231Z"
2025-11-08 18:44:30.672 +02:00 [INF] Background polling executed successfully at "2025-11-08T16:44:30.6721263Z"
2025-11-08 18:45:30.693 +02:00 [INF] Background polling executed successfully at "2025-11-08T16:45:30.6933323Z"
2025-11-08 18:46:30.701 +02:00 [INF] Background polling executed successfully at "2025-11-08T16:46:30.7019112Z"
2025-11-08 18:47:30.718 +02:00 [INF] Background polling executed successfully at "2025-11-08T16:47:30.7185916Z"
2025-11-08 18:48:30.734 +02:00 [INF] Background polling executed successfully at "2025-11-08T16:48:30.7342836Z"
2025-11-08 18:49:30.749 +02:00 [INF] Background polling executed successfully at "2025-11-08T16:49:30.7493710Z"
2025-11-08 18:50:30.756 +02:00 [INF] Background polling executed successfully at "2025-11-08T16:50:30.7569766Z"
2025-11-08 18:51:30.784 +02:00 [INF] Background polling executed successfully at "2025-11-08T16:51:30.7844564Z"
2025-11-08 18:52:30.790 +02:00 [INF] Background polling executed successfully at "2025-11-08T16:52:30.7903328Z"
2025-11-08 18:53:30.802 +02:00 [INF] Background polling executed successfully at "2025-11-08T16:53:30.8022389Z"
2025-11-08 18:54:30.812 +02:00 [INF] Background polling executed successfully at "2025-11-08T16:54:30.8124402Z"
2025-11-08 18:55:30.842 +02:00 [INF] Background polling executed successfully at "2025-11-08T16:55:30.8429855Z"
2025-11-08 18:56:30.848 +02:00 [INF] Background polling executed successfully at "2025-11-08T16:56:30.8483229Z"
2025-11-08 18:57:30.869 +02:00 [INF] Background polling executed successfully at "2025-11-08T16:57:30.8698679Z"
2025-11-08 18:58:30.887 +02:00 [INF] Background polling executed successfully at "2025-11-08T16:58:30.8879062Z"
2025-11-08 18:59:30.905 +02:00 [INF] Background polling executed successfully at "2025-11-08T16:59:30.9053048Z"
2025-11-08 19:00:30.932 +02:00 [INF] Background polling executed successfully at "2025-11-08T17:00:30.9322632Z"
2025-11-08 19:01:30.950 +02:00 [INF] Background polling executed successfully at "2025-11-08T17:01:30.9502697Z"
2025-11-08 19:02:30.965 +02:00 [INF] Background polling executed successfully at "2025-11-08T17:02:30.9658781Z"
2025-11-08 19:03:30.981 +02:00 [INF] Background polling executed successfully at "2025-11-08T17:03:30.9816046Z"
2025-11-08 19:04:30.997 +02:00 [INF] Background polling executed successfully at "2025-11-08T17:04:30.9978626Z"
2025-11-08 19:05:31.010 +02:00 [INF] Background polling executed successfully at "2025-11-08T17:05:31.0109083Z"
2025-11-08 19:06:31.019 +02:00 [INF] Background polling executed successfully at "2025-11-08T17:06:31.0194237Z"
2025-11-08 19:07:31.032 +02:00 [INF] Background polling executed successfully at "2025-11-08T17:07:31.0329362Z"
2025-11-08 19:08:31.043 +02:00 [INF] Background polling executed successfully at "2025-11-08T17:08:31.0430506Z"
2025-11-08 19:09:31.054 +02:00 [INF] Background polling executed successfully at "2025-11-08T17:09:31.0540033Z"
2025-11-08 19:10:31.060 +02:00 [INF] Background polling executed successfully at "2025-11-08T17:10:31.0603371Z"
2025-11-08 19:11:31.071 +02:00 [INF] Background polling executed successfully at "2025-11-08T17:11:31.0716881Z"
2025-11-08 19:12:31.097 +02:00 [INF] Background polling executed successfully at "2025-11-08T17:12:31.0976901Z"
2025-11-08 19:13:31.106 +02:00 [INF] Background polling executed successfully at "2025-11-08T17:13:31.1062822Z"
2025-11-08 19:14:31.119 +02:00 [INF] Background polling executed successfully at "2025-11-08T17:14:31.1193812Z"
2025-11-08 19:15:31.126 +02:00 [INF] Background polling executed successfully at "2025-11-08T17:15:31.1266168Z"
2025-11-08 19:16:31.138 +02:00 [INF] Background polling executed successfully at "2025-11-08T17:16:31.1379662Z"
2025-11-08 19:17:31.146 +02:00 [INF] Background polling executed successfully at "2025-11-08T17:17:31.1468114Z"
2025-11-08 19:18:31.158 +02:00 [INF] Background polling executed successfully at "2025-11-08T17:18:31.1586810Z"
2025-11-08 19:19:31.184 +02:00 [INF] Background polling executed successfully at "2025-11-08T17:19:31.1847153Z"
2025-11-08 19:20:31.195 +02:00 [INF] Background polling executed successfully at "2025-11-08T17:20:31.1959321Z"
2025-11-08 19:21:31.207 +02:00 [INF] Background polling executed successfully at "2025-11-08T17:21:31.2079177Z"
2025-11-08 19:22:31.237 +02:00 [INF] Background polling executed successfully at "2025-11-08T17:22:31.2372871Z"
2025-11-08 19:23:31.271 +02:00 [INF] Background polling executed successfully at "2025-11-08T17:23:31.2715326Z"
2025-11-08 19:24:31.286 +02:00 [INF] Background polling executed successfully at "2025-11-08T17:24:31.2869229Z"
2025-11-08 19:25:31.295 +02:00 [INF] Background polling executed successfully at "2025-11-08T17:25:31.2957157Z"
2025-11-08 19:26:31.936 +02:00 [INF] Background polling executed successfully at "2025-11-08T17:26:31.9362969Z"
2025-11-08 19:27:31.944 +02:00 [INF] Background polling executed successfully at "2025-11-08T17:27:31.9441181Z"
2025-11-08 19:28:32.145 +02:00 [INF] Background polling executed successfully at "2025-11-08T17:28:32.1450002Z"
2025-11-08 19:29:34.789 +02:00 [INF] Background polling executed successfully at "2025-11-08T17:29:34.7893166Z"
2025-11-08 19:30:34.815 +02:00 [INF] Background polling executed successfully at "2025-11-08T17:30:34.8158457Z"
2025-11-08 19:31:34.826 +02:00 [INF] Background polling executed successfully at "2025-11-08T17:31:34.8268137Z"
2025-11-08 19:32:34.835 +02:00 [INF] Background polling executed successfully at "2025-11-08T17:32:34.8352947Z"
2025-11-08 19:33:34.854 +02:00 [INF] Background polling executed successfully at "2025-11-08T17:33:34.8544361Z"
2025-11-08 19:34:34.875 +02:00 [INF] Background polling executed successfully at "2025-11-08T17:34:34.8751433Z"
2025-11-08 19:35:34.898 +02:00 [INF] Background polling executed successfully at "2025-11-08T17:35:34.8981501Z"
2025-11-08 19:36:34.914 +02:00 [INF] Background polling executed successfully at "2025-11-08T17:36:34.9148608Z"
2025-11-08 19:37:34.919 +02:00 [INF] Background polling executed successfully at "2025-11-08T17:37:34.9191355Z"
2025-11-08 19:38:34.937 +02:00 [INF] Background polling executed successfully at "2025-11-08T17:38:34.9370374Z"
2025-11-08 19:39:34.940 +02:00 [INF] Background polling executed successfully at "2025-11-08T17:39:34.9407238Z"
2025-11-08 19:40:34.957 +02:00 [INF] Background polling executed successfully at "2025-11-08T17:40:34.9577401Z"
2025-11-08 19:41:34.978 +02:00 [INF] Background polling executed successfully at "2025-11-08T17:41:34.9787030Z"
2025-11-08 19:42:34.995 +02:00 [INF] Background polling executed successfully at "2025-11-08T17:42:34.9955857Z"
2025-11-08 19:43:35.007 +02:00 [INF] Background polling executed successfully at "2025-11-08T17:43:35.0078533Z"
2025-11-08 19:44:35.038 +02:00 [INF] Background polling executed successfully at "2025-11-08T17:44:35.0384586Z"
2025-11-08 19:45:35.050 +02:00 [INF] Background polling executed successfully at "2025-11-08T17:45:35.0505552Z"
2025-11-08 19:46:35.066 +02:00 [INF] Background polling executed successfully at "2025-11-08T17:46:35.0669548Z"
2025-11-08 19:47:35.085 +02:00 [INF] Background polling executed successfully at "2025-11-08T17:47:35.0851689Z"
2025-11-08 19:48:35.101 +02:00 [INF] Background polling executed successfully at "2025-11-08T17:48:35.1011544Z"
2025-11-08 19:49:35.110 +02:00 [INF] Background polling executed successfully at "2025-11-08T17:49:35.1105144Z"
2025-11-08 19:50:35.118 +02:00 [INF] Background polling executed successfully at "2025-11-08T17:50:35.1189115Z"
2025-11-08 19:51:35.131 +02:00 [INF] Background polling executed successfully at "2025-11-08T17:51:35.1318637Z"
2025-11-08 19:52:35.149 +02:00 [INF] Background polling executed successfully at "2025-11-08T17:52:35.1493464Z"
2025-11-08 19:53:35.152 +02:00 [INF] Background polling executed successfully at "2025-11-08T17:53:35.1521163Z"
2025-11-08 19:54:35.158 +02:00 [INF] Background polling executed successfully at "2025-11-08T17:54:35.1581084Z"
2025-11-08 19:55:35.170 +02:00 [INF] Background polling executed successfully at "2025-11-08T17:55:35.1705747Z"
2025-11-08 19:56:35.179 +02:00 [INF] Background polling executed successfully at "2025-11-08T17:56:35.1793958Z"
2025-11-08 19:57:35.197 +02:00 [INF] Background polling executed successfully at "2025-11-08T17:57:35.1972014Z"
2025-11-08 19:58:35.404 +02:00 [INF] Background polling executed successfully at "2025-11-08T17:58:35.4043989Z"
2025-11-08 19:59:35.421 +02:00 [INF] Background polling executed successfully at "2025-11-08T17:59:35.4210372Z"
2025-11-08 20:00:35.444 +02:00 [INF] Background polling executed successfully at "2025-11-08T18:00:35.4441546Z"
2025-11-08 20:01:35.458 +02:00 [INF] Background polling executed successfully at "2025-11-08T18:01:35.4585451Z"
2025-11-08 20:02:35.475 +02:00 [INF] Background polling executed successfully at "2025-11-08T18:02:35.4755373Z"
2025-11-08 20:03:35.491 +02:00 [INF] Background polling executed successfully at "2025-11-08T18:03:35.4913218Z"
2025-11-08 20:04:35.512 +02:00 [INF] Background polling executed successfully at "2025-11-08T18:04:35.5129523Z"
2025-11-08 20:05:35.535 +02:00 [INF] Background polling executed successfully at "2025-11-08T18:05:35.5357957Z"
2025-11-08 20:06:35.551 +02:00 [INF] Background polling executed successfully at "2025-11-08T18:06:35.5513234Z"
2025-11-08 20:07:35.562 +02:00 [INF] Background polling executed successfully at "2025-11-08T18:07:35.5620291Z"
2025-11-08 20:08:35.574 +02:00 [INF] Background polling executed successfully at "2025-11-08T18:08:35.5741074Z"
2025-11-08 20:09:35.594 +02:00 [INF] Background polling executed successfully at "2025-11-08T18:09:35.5940686Z"
2025-11-08 20:10:35.614 +02:00 [INF] Background polling executed successfully at "2025-11-08T18:10:35.6140087Z"
2025-11-08 20:11:35.637 +02:00 [INF] Background polling executed successfully at "2025-11-08T18:11:35.6373993Z"
2025-11-08 20:12:35.656 +02:00 [INF] Background polling executed successfully at "2025-11-08T18:12:35.6562785Z"
2025-11-08 20:13:35.667 +02:00 [INF] Background polling executed successfully at "2025-11-08T18:13:35.6679019Z"
2025-11-08 20:14:35.690 +02:00 [INF] Background polling executed successfully at "2025-11-08T18:14:35.6901783Z"
2025-11-08 20:15:35.705 +02:00 [INF] Background polling executed successfully at "2025-11-08T18:15:35.7052188Z"
2025-11-08 20:16:35.715 +02:00 [INF] Background polling executed successfully at "2025-11-08T18:16:35.7156321Z"
2025-11-08 20:17:35.739 +02:00 [INF] Background polling executed successfully at "2025-11-08T18:17:35.7392077Z"
2025-11-08 20:18:35.759 +02:00 [INF] Background polling executed successfully at "2025-11-08T18:18:35.7599158Z"
2025-11-08 20:19:35.780 +02:00 [INF] Background polling executed successfully at "2025-11-08T18:19:35.7803319Z"
2025-11-08 20:20:35.792 +02:00 [INF] Background polling executed successfully at "2025-11-08T18:20:35.7924764Z"
2025-11-08 20:21:35.815 +02:00 [INF] Background polling executed successfully at "2025-11-08T18:21:35.8151847Z"
2025-11-08 20:22:35.838 +02:00 [INF] Background polling executed successfully at "2025-11-08T18:22:35.8383061Z"
2025-11-08 20:23:35.865 +02:00 [INF] Background polling executed successfully at "2025-11-08T18:23:35.8655815Z"
2025-11-08 20:24:35.890 +02:00 [INF] Background polling executed successfully at "2025-11-08T18:24:35.8900706Z"
2025-11-08 20:25:35.895 +02:00 [INF] Background polling executed successfully at "2025-11-08T18:25:35.8957376Z"
2025-11-08 20:26:35.908 +02:00 [INF] Background polling executed successfully at "2025-11-08T18:26:35.9084823Z"
2025-11-08 20:27:35.915 +02:00 [INF] Background polling executed successfully at "2025-11-08T18:27:35.9155685Z"
2025-11-08 20:28:35.926 +02:00 [INF] Background polling executed successfully at "2025-11-08T18:28:35.9261832Z"
2025-11-08 20:29:35.936 +02:00 [INF] Background polling executed successfully at "2025-11-08T18:29:35.9360418Z"
2025-11-08 20:30:35.955 +02:00 [INF] Background polling executed successfully at "2025-11-08T18:30:35.9555066Z"
2025-11-08 20:31:35.971 +02:00 [INF] Background polling executed successfully at "2025-11-08T18:31:35.9713218Z"
2025-11-08 20:32:35.988 +02:00 [INF] Background polling executed successfully at "2025-11-08T18:32:35.9885958Z"
2025-11-08 20:33:36.003 +02:00 [INF] Background polling executed successfully at "2025-11-08T18:33:36.0035617Z"
2025-11-08 20:34:36.013 +02:00 [INF] Background polling executed successfully at "2025-11-08T18:34:36.0134196Z"
2025-11-08 20:35:36.027 +02:00 [INF] Background polling executed successfully at "2025-11-08T18:35:36.0276298Z"
2025-11-08 20:36:36.035 +02:00 [INF] Background polling executed successfully at "2025-11-08T18:36:36.0354619Z"
2025-11-08 20:37:36.053 +02:00 [INF] Background polling executed successfully at "2025-11-08T18:37:36.0534480Z"
2025-11-08 20:38:36.155 +02:00 [INF] Background polling executed successfully at "2025-11-08T18:38:36.1555836Z"
2025-11-08 20:39:36.195 +02:00 [INF] Background polling executed successfully at "2025-11-08T18:39:36.1955546Z"
2025-11-08 20:40:36.208 +02:00 [INF] Background polling executed successfully at "2025-11-08T18:40:36.2083760Z"
2025-11-08 20:41:36.221 +02:00 [INF] Background polling executed successfully at "2025-11-08T18:41:36.2215755Z"
2025-11-08 20:42:36.238 +02:00 [INF] Background polling executed successfully at "2025-11-08T18:42:36.2384771Z"
2025-11-08 20:43:36.258 +02:00 [INF] Background polling executed successfully at "2025-11-08T18:43:36.2588641Z"
2025-11-08 20:44:36.297 +02:00 [INF] Background polling executed successfully at "2025-11-08T18:44:36.2977479Z"
2025-11-08 20:45:33.852 +02:00 [INF] Application is shutting down...
2025-11-08 20:48:00.755 +02:00 [INF] Now listening on: http://localhost:5031
2025-11-08 20:48:00.832 +02:00 [INF] Application started. Press Ctrl+C to shut down.
2025-11-08 20:48:00.836 +02:00 [INF] Hosting environment: Development
2025-11-08 20:48:00.842 +02:00 [INF] Content root path: C:\Users\YOUNG'SSTAR\Desktop\Backend_IP\backend
2025-11-08 20:48:01.023 +02:00 [INF] Background polling executed successfully at "2025-11-08T18:48:01.0227134Z"
2025-11-08 20:48:01.243 +02:00 [INF] Cleaned up 0 old message logs older than 2025-08-10
2025-11-08 20:48:01.245 +02:00 [INF] Database maintenance completed
2025-11-08 20:49:01.061 +02:00 [INF] Background polling executed successfully at "2025-11-08T18:49:01.0605378Z"
2025-11-08 20:50:01.169 +02:00 [INF] Background polling executed successfully at "2025-11-08T18:50:01.1689117Z"
2025-11-08 20:51:01.192 +02:00 [INF] Background polling executed successfully at "2025-11-08T18:51:01.1921521Z"
2025-11-08 20:52:01.212 +02:00 [INF] Background polling executed successfully at "2025-11-08T18:52:01.2126189Z"
2025-11-08 20:53:01.232 +02:00 [INF] Background polling executed successfully at "2025-11-08T18:53:01.2328109Z"
2025-11-08 20:54:01.255 +02:00 [INF] Background polling executed successfully at "2025-11-08T18:54:01.2554431Z"
2025-11-08 20:55:01.272 +02:00 [INF] Background polling executed successfully at "2025-11-08T18:55:01.2723068Z"
2025-11-08 20:56:01.289 +02:00 [INF] Background polling executed successfully at "2025-11-08T18:56:01.2895272Z"
2025-11-08 20:57:01.321 +02:00 [INF] Background polling executed successfully at "2025-11-08T18:57:01.3216324Z"
2025-11-08 20:58:01.333 +02:00 [INF] Background polling executed successfully at "2025-11-08T18:58:01.3330816Z"
2025-11-08 20:59:01.348 +02:00 [INF] Background polling executed successfully at "2025-11-08T18:59:01.3479145Z"
2025-11-08 21:00:01.380 +02:00 [INF] Background polling executed successfully at "2025-11-08T19:00:01.3802256Z"
2025-11-08 21:01:01.400 +02:00 [INF] Background polling executed successfully at "2025-11-08T19:01:01.3999839Z"
2025-11-08 21:02:01.422 +02:00 [INF] Background polling executed successfully at "2025-11-08T19:02:01.4227571Z"
2025-11-08 21:03:01.447 +02:00 [INF] Background polling executed successfully at "2025-11-08T19:03:01.4473826Z"
2025-11-08 21:04:01.483 +02:00 [INF] Background polling executed successfully at "2025-11-08T19:04:01.4834187Z"
2025-11-08 21:05:01.517 +02:00 [INF] Background polling executed successfully at "2025-11-08T19:05:01.5179077Z"
2025-11-08 21:06:01.536 +02:00 [INF] Background polling executed successfully at "2025-11-08T19:06:01.5365373Z"
2025-11-08 21:07:01.569 +02:00 [INF] Background polling executed successfully at "2025-11-08T19:07:01.5693203Z"
2025-11-08 21:08:01.585 +02:00 [INF] Background polling executed successfully at "2025-11-08T19:08:01.5856044Z"
2025-11-08 21:09:01.608 +02:00 [INF] Background polling executed successfully at "2025-11-08T19:09:01.6089045Z"
2025-11-08 21:10:01.642 +02:00 [INF] Background polling executed successfully at "2025-11-08T19:10:01.6421793Z"
2025-11-08 21:11:01.669 +02:00 [INF] Background polling executed successfully at "2025-11-08T19:11:01.6692506Z"
2025-11-08 21:12:01.710 +02:00 [INF] Background polling executed successfully at "2025-11-08T19:12:01.7100311Z"
2025-11-08 21:13:01.728 +02:00 [INF] Background polling executed successfully at "2025-11-08T19:13:01.7281368Z"
2025-11-08 21:14:01.765 +02:00 [INF] Background polling executed successfully at "2025-11-08T19:14:01.7658272Z"
2025-11-08 21:15:01.801 +02:00 [INF] Background polling executed successfully at "2025-11-08T19:15:01.8011621Z"
2025-11-08 21:16:01.829 +02:00 [INF] Background polling executed successfully at "2025-11-08T19:16:01.8290057Z"
2025-11-08 21:17:01.838 +02:00 [INF] Background polling executed successfully at "2025-11-08T19:17:01.8385350Z"
2025-11-08 21:18:01.859 +02:00 [INF] Background polling executed successfully at "2025-11-08T19:18:01.8590389Z"
2025-11-08 21:19:01.880 +02:00 [INF] Background polling executed successfully at "2025-11-08T19:19:01.8802220Z"
2025-11-08 21:20:01.908 +02:00 [INF] Background polling executed successfully at "2025-11-08T19:20:01.9086192Z"
2025-11-08 21:21:01.933 +02:00 [INF] Background polling executed successfully at "2025-11-08T19:21:01.9336988Z"
2025-11-08 21:22:01.959 +02:00 [INF] Background polling executed successfully at "2025-11-08T19:22:01.9592136Z"
2025-11-08 21:23:01.981 +02:00 [INF] Background polling executed successfully at "2025-11-08T19:23:01.9814760Z"
2025-11-08 21:24:02.014 +02:00 [INF] Background polling executed successfully at "2025-11-08T19:24:02.0148377Z"
2025-11-08 21:25:02.029 +02:00 [INF] Background polling executed successfully at "2025-11-08T19:25:02.0297238Z"
2025-11-08 21:26:02.054 +02:00 [INF] Background polling executed successfully at "2025-11-08T19:26:02.0548733Z"
2025-11-08 21:27:02.071 +02:00 [INF] Background polling executed successfully at "2025-11-08T19:27:02.0712604Z"
2025-11-08 21:28:02.098 +02:00 [INF] Background polling executed successfully at "2025-11-08T19:28:02.0980868Z"
2025-11-08 21:29:02.126 +02:00 [INF] Background polling executed successfully at "2025-11-08T19:29:02.1268019Z"
2025-11-08 21:30:02.154 +02:00 [INF] Background polling executed successfully at "2025-11-08T19:30:02.1545713Z"
2025-11-08 21:31:02.177 +02:00 [INF] Background polling executed successfully at "2025-11-08T19:31:02.1772085Z"
2025-11-08 21:32:02.207 +02:00 [INF] Background polling executed successfully at "2025-11-08T19:32:02.2078510Z"
2025-11-08 21:33:02.234 +02:00 [INF] Background polling executed successfully at "2025-11-08T19:33:02.2346751Z"
2025-11-08 21:34:02.258 +02:00 [INF] Background polling executed successfully at "2025-11-08T19:34:02.2582428Z"
2025-11-08 21:35:02.276 +02:00 [INF] Background polling executed successfully at "2025-11-08T19:35:02.2762833Z"
2025-11-08 21:36:02.285 +02:00 [INF] Background polling executed successfully at "2025-11-08T19:36:02.2857841Z"
2025-11-08 21:37:02.306 +02:00 [INF] Background polling executed successfully at "2025-11-08T19:37:02.3062357Z"
2025-11-08 21:38:02.323 +02:00 [INF] Background polling executed successfully at "2025-11-08T19:38:02.3232418Z"
2025-11-08 21:39:02.347 +02:00 [INF] Background polling executed successfully at "2025-11-08T19:39:02.3471398Z"
2025-11-08 21:40:02.374 +02:00 [INF] Background polling executed successfully at "2025-11-08T19:40:02.3743738Z"
2025-11-08 21:41:02.408 +02:00 [INF] Background polling executed successfully at "2025-11-08T19:41:02.4084634Z"
2025-11-08 21:42:02.429 +02:00 [INF] Background polling executed successfully at "2025-11-08T19:42:02.4293039Z"
2025-11-08 21:43:02.460 +02:00 [INF] Background polling executed successfully at "2025-11-08T19:43:02.4601177Z"
2025-11-08 21:44:02.481 +02:00 [INF] Background polling executed successfully at "2025-11-08T19:44:02.4818302Z"
2025-11-08 21:45:02.513 +02:00 [INF] Background polling executed successfully at "2025-11-08T19:45:02.5133884Z"
2025-11-08 21:46:02.542 +02:00 [INF] Background polling executed successfully at "2025-11-08T19:46:02.5419916Z"
2025-11-08 21:47:02.568 +02:00 [INF] Background polling executed successfully at "2025-11-08T19:47:02.5683876Z"
2025-11-08 21:48:02.598 +02:00 [INF] Background polling executed successfully at "2025-11-08T19:48:02.5980325Z"
2025-11-08 21:49:02.620 +02:00 [INF] Background polling executed successfully at "2025-11-08T19:49:02.6205262Z"
2025-11-08 21:50:02.648 +02:00 [INF] Background polling executed successfully at "2025-11-08T19:50:02.6488061Z"
2025-11-08 21:51:02.676 +02:00 [INF] Background polling executed successfully at "2025-11-08T19:51:02.6769373Z"
2025-11-08 21:52:02.708 +02:00 [INF] Background polling executed successfully at "2025-11-08T19:52:02.7081747Z"
2025-11-08 21:53:02.738 +02:00 [INF] Background polling executed successfully at "2025-11-08T19:53:02.7385762Z"
2025-11-08 21:54:02.758 +02:00 [INF] Background polling executed successfully at "2025-11-08T19:54:02.7580521Z"
2025-11-08 21:55:02.780 +02:00 [INF] Background polling executed successfully at "2025-11-08T19:55:02.7807219Z"
2025-11-08 21:56:02.810 +02:00 [INF] Background polling executed successfully at "2025-11-08T19:56:02.8104355Z"
2025-11-08 21:57:02.830 +02:00 [INF] Background polling executed successfully at "2025-11-08T19:57:02.8301584Z"
2025-11-08 21:58:02.852 +02:00 [INF] Background polling executed successfully at "2025-11-08T19:58:02.8528298Z"
2025-11-08 21:59:02.861 +02:00 [INF] Background polling executed successfully at "2025-11-08T19:59:02.8616749Z"
2025-11-08 22:00:02.880 +02:00 [INF] Background polling executed successfully at "2025-11-08T20:00:02.8809037Z"
2025-11-08 22:01:02.912 +02:00 [INF] Background polling executed successfully at "2025-11-08T20:01:02.9122197Z"
2025-11-08 22:02:02.929 +02:00 [INF] Background polling executed successfully at "2025-11-08T20:02:02.9295582Z"
2025-11-08 22:03:02.959 +02:00 [INF] Background polling executed successfully at "2025-11-08T20:03:02.9594857Z"
2025-11-08 22:04:02.986 +02:00 [INF] Background polling executed successfully at "2025-11-08T20:04:02.9860198Z"
2025-11-08 22:05:03.023 +02:00 [INF] Background polling executed successfully at "2025-11-08T20:05:03.0231793Z"
2025-11-08 22:06:03.050 +02:00 [INF] Background polling executed successfully at "2025-11-08T20:06:03.0502548Z"
2025-11-08 22:07:03.069 +02:00 [INF] Background polling executed successfully at "2025-11-08T20:07:03.0693629Z"
2025-11-08 22:08:03.091 +02:00 [INF] Background polling executed successfully at "2025-11-08T20:08:03.0917213Z"
2025-11-08 22:09:03.113 +02:00 [INF] Background polling executed successfully at "2025-11-08T20:09:03.1138755Z"
2025-11-08 22:10:03.139 +02:00 [INF] Background polling executed successfully at "2025-11-08T20:10:03.1394128Z"
2025-11-08 22:11:03.156 +02:00 [INF] Background polling executed successfully at "2025-11-08T20:11:03.1564567Z"
2025-11-08 22:12:03.176 +02:00 [INF] Background polling executed successfully at "2025-11-08T20:12:03.1766166Z"
2025-11-08 22:13:03.203 +02:00 [INF] Background polling executed successfully at "2025-11-08T20:13:03.2036054Z"
2025-11-08 22:14:03.233 +02:00 [INF] Background polling executed successfully at "2025-11-08T20:14:03.2331763Z"
2025-11-08 22:15:03.251 +02:00 [INF] Background polling executed successfully at "2025-11-08T20:15:03.2516195Z"
2025-11-08 22:16:03.280 +02:00 [INF] Background polling executed successfully at "2025-11-08T20:16:03.2809556Z"
2025-11-08 22:17:03.311 +02:00 [INF] Background polling executed successfully at "2025-11-08T20:17:03.3110254Z"
2025-11-08 22:18:03.330 +02:00 [INF] Background polling executed successfully at "2025-11-08T20:18:03.3309209Z"
2025-11-08 22:19:03.358 +02:00 [INF] Background polling executed successfully at "2025-11-08T20:19:03.3580017Z"
2025-11-08 22:20:03.393 +02:00 [INF] Background polling executed successfully at "2025-11-08T20:20:03.3935790Z"
2025-11-08 22:21:03.424 +02:00 [INF] Background polling executed successfully at "2025-11-08T20:21:03.4240356Z"
2025-11-08 22:22:03.439 +02:00 [INF] Background polling executed successfully at "2025-11-08T20:22:03.4391445Z"
2025-11-08 22:23:03.456 +02:00 [INF] Background polling executed successfully at "2025-11-08T20:23:03.4567178Z"
2025-11-08 22:24:03.475 +02:00 [INF] Background polling executed successfully at "2025-11-08T20:24:03.4751214Z"
2025-11-08 22:25:03.498 +02:00 [INF] Background polling executed successfully at "2025-11-08T20:25:03.4987508Z"
2025-11-08 22:26:03.518 +02:00 [INF] Background polling executed successfully at "2025-11-08T20:26:03.5187518Z"
2025-11-08 22:27:03.539 +02:00 [INF] Background polling executed successfully at "2025-11-08T20:27:03.5392842Z"
2025-11-08 22:28:03.559 +02:00 [INF] Background polling executed successfully at "2025-11-08T20:28:03.5598127Z"
2025-11-08 22:29:03.591 +02:00 [INF] Background polling executed successfully at "2025-11-08T20:29:03.5913306Z"
2025-11-08 22:30:03.606 +02:00 [INF] Background polling executed successfully at "2025-11-08T20:30:03.6061872Z"
2025-11-08 22:31:03.626 +02:00 [INF] Background polling executed successfully at "2025-11-08T20:31:03.6260621Z"
2025-11-08 22:32:03.656 +02:00 [INF] Background polling executed successfully at "2025-11-08T20:32:03.6561288Z"
2025-11-08 22:33:03.674 +02:00 [INF] Background polling executed successfully at "2025-11-08T20:33:03.6740072Z"
2025-11-08 22:34:03.701 +02:00 [INF] Background polling executed successfully at "2025-11-08T20:34:03.7011938Z"
2025-11-08 22:35:03.730 +02:00 [INF] Background polling executed successfully at "2025-11-08T20:35:03.7309308Z"
2025-11-08 22:36:03.764 +02:00 [INF] Background polling executed successfully at "2025-11-08T20:36:03.7649513Z"
2025-11-08 22:37:03.791 +02:00 [INF] Background polling executed successfully at "2025-11-08T20:37:03.7918030Z"
2025-11-08 22:38:03.806 +02:00 [INF] Background polling executed successfully at "2025-11-08T20:38:03.8061497Z"
2025-11-08 22:39:03.836 +02:00 [INF] Background polling executed successfully at "2025-11-08T20:39:03.8361164Z"
2025-11-08 22:40:03.860 +02:00 [INF] Background polling executed successfully at "2025-11-08T20:40:03.8602369Z"
2025-11-08 22:41:03.891 +02:00 [INF] Background polling executed successfully at "2025-11-08T20:41:03.8912289Z"
2025-11-08 22:42:03.923 +02:00 [INF] Background polling executed successfully at "2025-11-08T20:42:03.9230852Z"
2025-11-08 22:43:03.948 +02:00 [INF] Background polling executed successfully at "2025-11-08T20:43:03.9482690Z"
2025-11-08 22:44:03.981 +02:00 [INF] Background polling executed successfully at "2025-11-08T20:44:03.9809942Z"
2025-11-08 22:45:04.006 +02:00 [INF] Background polling executed successfully at "2025-11-08T20:45:04.0066236Z"
2025-11-08 22:46:04.032 +02:00 [INF] Background polling executed successfully at "2025-11-08T20:46:04.0321044Z"
2025-11-08 22:47:04.056 +02:00 [INF] Background polling executed successfully at "2025-11-08T20:47:04.0567083Z"
2025-11-08 22:48:04.083 +02:00 [INF] Background polling executed successfully at "2025-11-08T20:48:04.0830223Z"
2025-11-08 22:49:04.112 +02:00 [INF] Background polling executed successfully at "2025-11-08T20:49:04.1123223Z"
2025-11-08 22:50:04.131 +02:00 [INF] Background polling executed successfully at "2025-11-08T20:50:04.1313696Z"
2025-11-08 22:51:04.162 +02:00 [INF] Background polling executed successfully at "2025-11-08T20:51:04.1624726Z"
2025-11-08 22:52:04.186 +02:00 [INF] Background polling executed successfully at "2025-11-08T20:52:04.1862939Z"
2025-11-08 22:53:04.214 +02:00 [INF] Background polling executed successfully at "2025-11-08T20:53:04.2141686Z"
2025-11-08 22:54:04.236 +02:00 [INF] Background polling executed successfully at "2025-11-08T20:54:04.2367166Z"
2025-11-08 22:55:04.254 +02:00 [INF] Background polling executed successfully at "2025-11-08T20:55:04.2541360Z"
2025-11-08 22:56:04.265 +02:00 [INF] Background polling executed successfully at "2025-11-08T20:56:04.2649759Z"
2025-11-08 22:57:04.291 +02:00 [INF] Background polling executed successfully at "2025-11-08T20:57:04.2914082Z"
2025-11-08 22:58:04.317 +02:00 [INF] Background polling executed successfully at "2025-11-08T20:58:04.3173865Z"
2025-11-08 22:59:04.329 +02:00 [INF] Background polling executed successfully at "2025-11-08T20:59:04.3291997Z"
2025-11-08 23:00:04.350 +02:00 [INF] Background polling executed successfully at "2025-11-08T21:00:04.3506722Z"
2025-11-08 23:01:04.373 +02:00 [INF] Background polling executed successfully at "2025-11-08T21:01:04.3730762Z"
2025-11-08 23:02:04.405 +02:00 [INF] Background polling executed successfully at "2025-11-08T21:02:04.4056240Z"
2025-11-08 23:03:04.424 +02:00 [INF] Background polling executed successfully at "2025-11-08T21:03:04.4241481Z"
2025-11-08 23:04:04.455 +02:00 [INF] Background polling executed successfully at "2025-11-08T21:04:04.4552944Z"
2025-11-08 23:05:04.480 +02:00 [INF] Background polling executed successfully at "2025-11-08T21:05:04.4806617Z"
2025-11-08 23:06:04.507 +02:00 [INF] Background polling executed successfully at "2025-11-08T21:06:04.5077822Z"
2025-11-08 23:07:04.532 +02:00 [INF] Background polling executed successfully at "2025-11-08T21:07:04.5326674Z"
2025-11-08 23:08:04.550 +02:00 [INF] Background polling executed successfully at "2025-11-08T21:08:04.5503277Z"
2025-11-08 23:09:04.575 +02:00 [INF] Background polling executed successfully at "2025-11-08T21:09:04.5757010Z"
2025-11-08 23:10:04.605 +02:00 [INF] Background polling executed successfully at "2025-11-08T21:10:04.6057236Z"
2025-11-08 23:11:04.637 +02:00 [INF] Background polling executed successfully at "2025-11-08T21:11:04.6372377Z"
2025-11-08 23:12:04.648 +02:00 [INF] Background polling executed successfully at "2025-11-08T21:12:04.6489330Z"
2025-11-08 23:13:04.668 +02:00 [INF] Background polling executed successfully at "2025-11-08T21:13:04.6688377Z"
2025-11-08 23:14:04.702 +02:00 [INF] Background polling executed successfully at "2025-11-08T21:14:04.7023318Z"
2025-11-08 23:15:04.730 +02:00 [INF] Background polling executed successfully at "2025-11-08T21:15:04.7306922Z"
2025-11-08 23:16:04.764 +02:00 [INF] Background polling executed successfully at "2025-11-08T21:16:04.7646612Z"
2025-11-08 23:17:04.801 +02:00 [INF] Background polling executed successfully at "2025-11-08T21:17:04.8015377Z"
2025-11-08 23:18:04.818 +02:00 [INF] Background polling executed successfully at "2025-11-08T21:18:04.8184249Z"
2025-11-08 23:19:04.851 +02:00 [INF] Background polling executed successfully at "2025-11-08T21:19:04.8517724Z"
2025-11-08 23:20:04.881 +02:00 [INF] Background polling executed successfully at "2025-11-08T21:20:04.8810335Z"
2025-11-08 23:21:04.903 +02:00 [INF] Background polling executed successfully at "2025-11-08T21:21:04.9037909Z"
2025-11-08 23:22:04.926 +02:00 [INF] Background polling executed successfully at "2025-11-08T21:22:04.9266947Z"
2025-11-08 23:23:04.958 +02:00 [INF] Background polling executed successfully at "2025-11-08T21:23:04.9583202Z"
2025-11-08 23:24:04.974 +02:00 [INF] Background polling executed successfully at "2025-11-08T21:24:04.9749029Z"
2025-11-08 23:25:04.988 +02:00 [INF] Background polling executed successfully at "2025-11-08T21:25:04.9886420Z"
2025-11-08 23:26:05.013 +02:00 [INF] Background polling executed successfully at "2025-11-08T21:26:05.0130879Z"
2025-11-08 23:27:05.041 +02:00 [INF] Background polling executed successfully at "2025-11-08T21:27:05.0412857Z"
2025-11-08 23:28:05.068 +02:00 [INF] Background polling executed successfully at "2025-11-08T21:28:05.0689024Z"
2025-11-08 23:29:05.089 +02:00 [INF] Background polling executed successfully at "2025-11-08T21:29:05.0897645Z"
2025-11-08 23:30:05.115 +02:00 [INF] Background polling executed successfully at "2025-11-08T21:30:05.1154081Z"
2025-11-08 23:31:05.139 +02:00 [INF] Background polling executed successfully at "2025-11-08T21:31:05.1393201Z"
2025-11-08 23:32:05.171 +02:00 [INF] Background polling executed successfully at "2025-11-08T21:32:05.1713207Z"
2025-11-08 23:33:05.221 +02:00 [INF] Background polling executed successfully at "2025-11-08T21:33:05.2211173Z"
2025-11-08 23:34:05.243 +02:00 [INF] Background polling executed successfully at "2025-11-08T21:34:05.2433921Z"
2025-11-08 23:35:05.259 +02:00 [INF] Background polling executed successfully at "2025-11-08T21:35:05.2598410Z"
2025-11-08 23:36:05.279 +02:00 [INF] Background polling executed successfully at "2025-11-08T21:36:05.2790629Z"
2025-11-08 23:37:05.299 +02:00 [INF] Background polling executed successfully at "2025-11-08T21:37:05.2992533Z"
2025-11-08 23:38:05.325 +02:00 [INF] Background polling executed successfully at "2025-11-08T21:38:05.3256605Z"
2025-11-08 23:39:05.353 +02:00 [INF] Background polling executed successfully at "2025-11-08T21:39:05.3530565Z"
2025-11-08 23:40:05.374 +02:00 [INF] Background polling executed successfully at "2025-11-08T21:40:05.3742489Z"
2025-11-08 23:41:05.405 +02:00 [INF] Background polling executed successfully at "2025-11-08T21:41:05.4053709Z"
2025-11-08 23:42:05.430 +02:00 [INF] Background polling executed successfully at "2025-11-08T21:42:05.4307948Z"
2025-11-08 23:43:05.456 +02:00 [INF] Background polling executed successfully at "2025-11-08T21:43:05.4561400Z"
2025-11-08 23:44:05.462 +02:00 [INF] Background polling executed successfully at "2025-11-08T21:44:05.4625853Z"
2025-11-08 23:45:05.477 +02:00 [INF] Background polling executed successfully at "2025-11-08T21:45:05.4779292Z"
2025-11-08 23:46:05.507 +02:00 [INF] Background polling executed successfully at "2025-11-08T21:46:05.5079471Z"
2025-11-08 23:47:05.533 +02:00 [INF] Background polling executed successfully at "2025-11-08T21:47:05.5330788Z"
2025-11-08 23:48:05.549 +02:00 [INF] Background polling executed successfully at "2025-11-08T21:48:05.5498659Z"
2025-11-08 23:49:05.579 +02:00 [INF] Background polling executed successfully at "2025-11-08T21:49:05.5791995Z"
2025-11-08 23:50:05.599 +02:00 [INF] Background polling executed successfully at "2025-11-08T21:50:05.5996425Z"
2025-11-08 23:51:05.614 +02:00 [INF] Background polling executed successfully at "2025-11-08T21:51:05.6147133Z"
2025-11-08 23:52:05.644 +02:00 [INF] Background polling executed successfully at "2025-11-08T21:52:05.6442443Z"
2025-11-08 23:53:05.673 +02:00 [INF] Background polling executed successfully at "2025-11-08T21:53:05.6733687Z"
2025-11-08 23:54:05.689 +02:00 [INF] Background polling executed successfully at "2025-11-08T21:54:05.6898686Z"
2025-11-08 23:55:05.709 +02:00 [INF] Background polling executed successfully at "2025-11-08T21:55:05.7093043Z"
2025-11-08 23:56:05.729 +02:00 [INF] Background polling executed successfully at "2025-11-08T21:56:05.7297829Z"
2025-11-08 23:57:05.745 +02:00 [INF] Background polling executed successfully at "2025-11-08T21:57:05.7459152Z"
2025-11-08 23:58:05.759 +02:00 [INF] Background polling executed successfully at "2025-11-08T21:58:05.7591596Z"
2025-11-08 23:59:05.789 +02:00 [INF] Background polling executed successfully at "2025-11-08T21:59:05.7890359Z"
